2025-05-11 20:59:59 [scrapy.utils.log] INFO: Scrapy 2.12.0 started (bot: lab3)
2025-05-11 20:59:59 [scrapy.utils.log] INFO: Versions: lxml 5.3.1.0, libxml2 2.11.7, cssselect 1.3.0, parsel 1.10.0, w3lib 2.3.1, Twisted 24.11.0, Python 3.13.2 (tags/v3.13.2:4f8bb39, Feb  4 2025, 15:23:48) [MSC v.1942 64 bit (AMD64)], pyOpenSSL 25.0.0 (OpenSSL 3.4.1 11 Feb 2025), cryptography 44.0.2, Platform Windows-11-10.0.26100-SP0
2025-05-11 20:59:59 [scrapy.addons] INFO: Enabled addons:
[]
2025-05-11 20:59:59 [py.warnings] WARNING: C:\Users\Ксеня\AppData\Local\Programs\Python\Python313\Lib\site-packages\scrapy\utils\request.py:120: ScrapyDeprecationWarning: 'REQUEST_FINGERPRINTER_IMPLEMENTATION' is a deprecated setting.
It will be removed in a future version of Scrapy.
  return cls(crawler)

2025-05-11 20:59:59 [asyncio] DEBUG: Using selector: SelectSelector
2025-05-11 20:59:59 [scrapy.utils.log] DEBUG: Using reactor: twisted.internet.asyncioreactor.AsyncioSelectorReactor
2025-05-11 20:59:59 [scrapy.utils.log] DEBUG: Using asyncio event loop: asyncio.windows_events._WindowsSelectorEventLoop
2025-05-11 20:59:59 [scrapy.utils.log] DEBUG: Using reactor: twisted.internet.asyncioreactor.AsyncioSelectorReactor
2025-05-11 20:59:59 [scrapy.utils.log] DEBUG: Using asyncio event loop: asyncio.windows_events._WindowsSelectorEventLoop
2025-05-11 21:00:00 [scrapy.extensions.telnet] INFO: Telnet Password: e1ba1aed333d778d
2025-05-11 21:00:00 [scrapy.middleware] INFO: Enabled extensions:
['scrapy.extensions.corestats.CoreStats',
 'scrapy.extensions.telnet.TelnetConsole',
 'scrapy.extensions.logstats.LogStats']
2025-05-11 21:00:00 [scrapy.crawler] INFO: Overridden settings:
{'BOT_NAME': 'lab3',
 'DOWNLOAD_DELAY': 1,
 'FEED_EXPORT_ENCODING': 'utf-8',
 'LOG_FILE': 'C:\\Users\\Ксеня\\lab4\\logs\\lab3\\phones\\bf3cdd082e9111f0bcdb106838200746.log',
 'NEWSPIDER_MODULE': 'lab3.spiders',
 'REQUEST_FINGERPRINTER_IMPLEMENTATION': '2.7',
 'SPIDER_MODULES': ['lab3.spiders'],
 'TWISTED_REACTOR': 'twisted.internet.asyncioreactor.AsyncioSelectorReactor',
 'USER_AGENT': 'Mozilla/5.0 (Windows NT 10.0; Win64; x64) AppleWebKit/537.36 '
               '(KHTML, like Gecko) Chrome/133.0.0.0 Safari/537.36'}
2025-05-11 21:00:00 [scrapy.middleware] INFO: Enabled downloader middlewares:
['scrapy.downloadermiddlewares.offsite.OffsiteMiddleware',
 'scrapy.downloadermiddlewares.httpauth.HttpAuthMiddleware',
 'scrapy.downloadermiddlewares.downloadtimeout.DownloadTimeoutMiddleware',
 'scrapy.downloadermiddlewares.defaultheaders.DefaultHeadersMiddleware',
 'scrapy.downloadermiddlewares.useragent.UserAgentMiddleware',
 'scrapy.downloadermiddlewares.retry.RetryMiddleware',
 'scrapy.downloadermiddlewares.redirect.MetaRefreshMiddleware',
 'scrapy.downloadermiddlewares.httpcompression.HttpCompressionMiddleware',
 'scrapy.downloadermiddlewares.redirect.RedirectMiddleware',
 'scrapy.downloadermiddlewares.cookies.CookiesMiddleware',
 'scrapy.downloadermiddlewares.httpproxy.HttpProxyMiddleware',
 'scrapy.downloadermiddlewares.stats.DownloaderStats']
2025-05-11 21:00:00 [scrapy.middleware] INFO: Enabled spider middlewares:
['scrapy.spidermiddlewares.httperror.HttpErrorMiddleware',
 'scrapy.spidermiddlewares.referer.RefererMiddleware',
 'scrapy.spidermiddlewares.urllength.UrlLengthMiddleware',
 'scrapy.spidermiddlewares.depth.DepthMiddleware']
2025-05-11 21:00:00 [scrapy.middleware] WARNING: Disabled scrapy.pipelines.images.ImagesPipeline: ImagesPipeline requires installing Pillow 4.0.0 or later
2025-05-11 21:00:00 [twisted] CRITICAL: Unhandled error in Deferred:
2025-05-11 21:00:00 [twisted] CRITICAL: 
Traceback (most recent call last):
  File "C:\Users\Ксеня\AppData\Local\Programs\Python\Python313\Lib\site-packages\twisted\internet\defer.py", line 2017, in _inlineCallbacks
    result = context.run(gen.send, result)
  File "C:\Users\Ксеня\AppData\Local\Programs\Python\Python313\Lib\site-packages\scrapy\crawler.py", line 152, in crawl
    self.engine = self._create_engine()
                  ~~~~~~~~~~~~~~~~~~~^^
  File "C:\Users\Ксеня\AppData\Local\Programs\Python\Python313\Lib\site-packages\scrapy\crawler.py", line 166, in _create_engine
    return ExecutionEngine(self, lambda _: self.stop())
  File "C:\Users\Ксеня\AppData\Local\Programs\Python\Python313\Lib\site-packages\scrapy\core\engine.py", line 102, in __init__
    self.scraper: Scraper = Scraper(crawler)
                            ~~~~~~~^^^^^^^^^
  File "C:\Users\Ксеня\AppData\Local\Programs\Python\Python313\Lib\site-packages\scrapy\core\scraper.py", line 101, in __init__
    self.itemproc: ItemPipelineManager = itemproc_cls.from_crawler(crawler)
                                         ~~~~~~~~~~~~~~~~~~~~~~~~~^^^^^^^^^
  File "C:\Users\Ксеня\AppData\Local\Programs\Python\Python313\Lib\site-packages\scrapy\middleware.py", line 77, in from_crawler
    return cls._from_settings(crawler.settings, crawler)
           ~~~~~~~~~~~~~~~~~~^^^^^^^^^^^^^^^^^^^^^^^^^^^
  File "C:\Users\Ксеня\AppData\Local\Programs\Python\Python313\Lib\site-packages\scrapy\middleware.py", line 86, in _from_settings
    mwcls = load_object(clspath)
  File "C:\Users\Ксеня\AppData\Local\Programs\Python\Python313\Lib\site-packages\scrapy\utils\misc.py", line 71, in load_object
    mod = import_module(module)
  File "C:\Users\Ксеня\AppData\Local\Programs\Python\Python313\Lib\importlib\__init__.py", line 88, in import_module
    return _bootstrap._gcd_import(name[level:], package, level)
           ~~~~~~~~~~~~~~~~~~~~~~^^^^^^^^^^^^^^^^^^^^^^^^^^^^^^
  File "<frozen importlib._bootstrap>", line 1387, in _gcd_import
  File "<frozen importlib._bootstrap>", line 1360, in _find_and_load
  File "<frozen importlib._bootstrap>", line 1331, in _find_and_load_unlocked
  File "<frozen importlib._bootstrap>", line 935, in _load_unlocked
  File "<frozen importlib._bootstrap_external>", line 1026, in exec_module
  File "<frozen importlib._bootstrap>", line 488, in _call_with_frames_removed
  File "c:\users\ксеня\lab4\eggs\lab3\1_0_1.egg\lab3\pipelines.py", line 8, in <module>
    import mysql.connector
ModuleNotFoundError: No module named 'mysql'
